{"C:\\Users\\juanj\\Documents\\ExampleHR\\api\\src\\app.module.ts": {"path":"C:\\Users\\juanj\\Documents\\ExampleHR\\api\\src\\app.module.ts","statementMap":{"0":{"start":{"line":1,"column":0},"end":{"line":1,"column":40}},"1":{"start":{"line":2,"column":0},"end":{"line":2,"column":53}},"2":{"start":{"line":3,"column":0},"end":{"line":3,"column":65}},"3":{"start":{"line":4,"column":0},"end":{"line":4,"column":59}},"4":{"start":{"line":11,"column":7},"end":{"line":11,"column":null}},"5":{"start":{"line":11,"column":13},"end":{"line":11,"column":22}},"6":{"start":{"line":11,"column":13},"end":{"line":11,"column":null}}},"fnMap":{},"branchMap":{},"s":{"0":1,"1":1,"2":1,"3":1,"4":1,"5":1,"6":1},"f":{},"b":{}}
,"C:\\Users\\juanj\\Documents\\ExampleHR\\api\\src\\database.service.ts": {"path":"C:\\Users\\juanj\\Documents\\ExampleHR\\api\\src\\database.service.ts","statementMap":{"0":{"start":{"line":1,"column":0},"end":{"line":1,"column":75}},"1":{"start":{"line":2,"column":0},"end":{"line":2,"column":40}},"2":{"start":{"line":3,"column":0},"end":{"line":3,"column":30}},"3":{"start":{"line":6,"column":7},"end":{"line":103,"column":null}},"4":{"start":{"line":10,"column":4},"end":{"line":13,"column":7}},"5":{"start":{"line":14,"column":4},"end":{"line":14,"column":52}},"6":{"start":{"line":15,"column":4},"end":{"line":15,"column":30}},"7":{"start":{"line":19,"column":4},"end":{"line":19,"column":26}},"8":{"start":{"line":23,"column":4},"end":{"line":23,"column":19}},"9":{"start":{"line":27,"column":4},"end":{"line":101,"column":7}},"10":{"start":{"line":6,"column":13},"end":{"line":6,"column":28}},"11":{"start":{"line":6,"column":13},"end":{"line":103,"column":null}}},"fnMap":{"0":{"name":"(anonymous_2)","decl":{"start":{"line":9,"column":2},"end":{"line":9,"column":7}},"loc":{"start":{"line":9,"column":20},"end":{"line":16,"column":3}}},"1":{"name":"(anonymous_3)","decl":{"start":{"line":18,"column":2},"end":{"line":18,"column":7}},"loc":{"start":{"line":18,"column":23},"end":{"line":20,"column":3}}},"2":{"name":"(anonymous_4)","decl":{"start":{"line":22,"column":2},"end":{"line":22,"column":6}},"loc":{"start":{"line":22,"column":16},"end":{"line":24,"column":3}}},"3":{"name":"(anonymous_5)","decl":{"start":{"line":26,"column":10},"end":{"line":26,"column":15}},"loc":{"start":{"line":26,"column":28},"end":{"line":102,"column":3}}}},"branchMap":{"0":{"loc":{"start":{"line":11,"column":16},"end":{"line":11,"column":51}},"type":"binary-expr","locations":[{"start":{"line":11,"column":16},"end":{"line":11,"column":35}},{"start":{"line":11,"column":39},"end":{"line":11,"column":51}}]}},"s":{"0":1,"1":1,"2":1,"3":1,"4":2,"5":2,"6":2,"7":2,"8":8,"9":2,"10":1,"11":1},"f":{"0":2,"1":2,"2":8,"3":2},"b":{"0":[2,0]}}
,"C:\\Users\\juanj\\Documents\\ExampleHR\\api\\src\\main.ts": {"path":"C:\\Users\\juanj\\Documents\\ExampleHR\\api\\src\\main.ts","statementMap":{"0":{"start":{"line":1,"column":0},"end":{"line":1,"column":43}},"1":{"start":{"line":2,"column":0},"end":{"line":2,"column":48}},"2":{"start":{"line":3,"column":0},"end":{"line":3,"column":41}},"3":{"start":{"line":6,"column":14},"end":{"line":6,"column":49}},"4":{"start":{"line":7,"column":2},"end":{"line":13,"column":4}},"5":{"start":{"line":14,"column":2},"end":{"line":14,"column":45}},"6":{"start":{"line":16,"column":0},"end":{"line":16,"column":12}}},"fnMap":{"0":{"name":"bootstrap","decl":{"start":{"line":5,"column":15},"end":{"line":5,"column":24}},"loc":{"start":{"line":5,"column":24},"end":{"line":15,"column":1}}}},"branchMap":{"0":{"loc":{"start":{"line":14,"column":19},"end":{"line":14,"column":43}},"type":"binary-expr","locations":[{"start":{"line":14,"column":19},"end":{"line":14,"column":35}},{"start":{"line":14,"column":39},"end":{"line":14,"column":43}}]}},"s":{"0":0,"1":0,"2":0,"3":0,"4":0,"5":0,"6":0},"f":{"0":0},"b":{"0":[0,0]}}
,"C:\\Users\\juanj\\Documents\\ExampleHR\\api\\src\\timeoff\\timeoff.controller.ts": {"path":"C:\\Users\\juanj\\Documents\\ExampleHR\\api\\src\\timeoff\\timeoff.controller.ts","statementMap":{"0":{"start":{"line":1,"column":0},"end":{"line":1,"column":null}},"1":{"start":{"line":11,"column":0},"end":{"line":11,"column":null}},"2":{"start":{"line":19,"column":0},"end":{"line":19,"column":51}},"3":{"start":{"line":22,"column":7},"end":{"line":67,"column":null}},"4":{"start":{"line":23,"column":31},"end":{"line":23,"column":47}},"5":{"start":{"line":27,"column":4},"end":{"line":27,"column":66}},"6":{"start":{"line":35,"column":4},"end":{"line":35,"column":66}},"7":{"start":{"line":41,"column":4},"end":{"line":41,"column":65}},"8":{"start":{"line":47,"column":4},"end":{"line":47,"column":64}},"9":{"start":{"line":53,"column":4},"end":{"line":53,"column":62}},"10":{"start":{"line":59,"column":4},"end":{"line":59,"column":49}},"11":{"start":{"line":65,"column":4},"end":{"line":65,"column":46}},"12":{"start":{"line":22,"column":13},"end":{"line":22,"column":30}},"13":{"start":{"line":26,"column":2},"end":{"line":28,"column":null}},"14":{"start":{"line":31,"column":2},"end":{"line":36,"column":null}},"15":{"start":{"line":40,"column":2},"end":{"line":42,"column":null}},"16":{"start":{"line":46,"column":2},"end":{"line":48,"column":null}},"17":{"start":{"line":52,"column":2},"end":{"line":54,"column":null}},"18":{"start":{"line":58,"column":2},"end":{"line":60,"column":null}},"19":{"start":{"line":64,"column":2},"end":{"line":66,"column":null}},"20":{"start":{"line":22,"column":13},"end":{"line":67,"column":null}}},"fnMap":{"0":{"name":"(anonymous_4)","decl":{"start":{"line":23,"column":2},"end":{"line":23,"column":31}},"loc":{"start":{"line":23,"column":61},"end":{"line":23,"column":65}}},"1":{"name":"(anonymous_5)","decl":{"start":{"line":26,"column":2},"end":{"line":26,"column":12}},"loc":{"start":{"line":26,"column":93},"end":{"line":28,"column":3}}},"2":{"name":"(anonymous_6)","decl":{"start":{"line":31,"column":2},"end":{"line":31,"column":15}},"loc":{"start":{"line":33,"column":55},"end":{"line":36,"column":3}}},"3":{"name":"(anonymous_7)","decl":{"start":{"line":40,"column":2},"end":{"line":40,"column":16}},"loc":{"start":{"line":40,"column":72},"end":{"line":42,"column":3}}},"4":{"name":"(anonymous_8)","decl":{"start":{"line":46,"column":2},"end":{"line":46,"column":15}},"loc":{"start":{"line":46,"column":70},"end":{"line":48,"column":3}}},"5":{"name":"(anonymous_9)","decl":{"start":{"line":52,"column":2},"end":{"line":52,"column":15}},"loc":{"start":{"line":52,"column":70},"end":{"line":54,"column":3}}},"6":{"name":"(anonymous_10)","decl":{"start":{"line":58,"column":2},"end":{"line":58,"column":14}},"loc":{"start":{"line":58,"column":43},"end":{"line":60,"column":3}}},"7":{"name":"(anonymous_11)","decl":{"start":{"line":64,"column":2},"end":{"line":64,"column":11}},"loc":{"start":{"line":64,"column":37},"end":{"line":66,"column":3}}}},"branchMap":{"0":{"loc":{"start":{"line":32,"column":17},"end":{"line":32,"column":null}},"type":"cond-expr","locations":[{"start":{"line":32,"column":40},"end":{"line":32,"column":null}},{"start":{"line":32,"column":40},"end":{"line":32,"column":null}}]},"1":{"loc":{"start":{"line":32,"column":17},"end":{"line":32,"column":40}},"type":"binary-expr","locations":[{"start":{"line":32,"column":17},"end":{"line":32,"column":null}},{"start":{"line":32,"column":17},"end":{"line":32,"column":40}}]},"2":{"loc":{"start":{"line":40,"column":55},"end":{"line":40,"column":null}},"type":"cond-expr","locations":[{"start":{"line":40,"column":72},"end":{"line":40,"column":null}},{"start":{"line":40,"column":72},"end":{"line":40,"column":null}}]},"3":{"loc":{"start":{"line":40,"column":55},"end":{"line":40,"column":72}},"type":"binary-expr","locations":[{"start":{"line":40,"column":55},"end":{"line":40,"column":null}},{"start":{"line":40,"column":55},"end":{"line":40,"column":72}}]},"4":{"loc":{"start":{"line":46,"column":54},"end":{"line":46,"column":null}},"type":"cond-expr","locations":[{"start":{"line":46,"column":70},"end":{"line":46,"column":null}},{"start":{"line":46,"column":70},"end":{"line":46,"column":null}}]},"5":{"loc":{"start":{"line":46,"column":54},"end":{"line":46,"column":70}},"type":"binary-expr","locations":[{"start":{"line":46,"column":54},"end":{"line":46,"column":null}},{"start":{"line":46,"column":54},"end":{"line":46,"column":70}}]},"6":{"loc":{"start":{"line":52,"column":54},"end":{"line":52,"column":null}},"type":"cond-expr","locations":[{"start":{"line":52,"column":70},"end":{"line":52,"column":null}},{"start":{"line":52,"column":70},"end":{"line":52,"column":null}}]},"7":{"loc":{"start":{"line":52,"column":54},"end":{"line":52,"column":70}},"type":"binary-expr","locations":[{"start":{"line":52,"column":54},"end":{"line":52,"column":null}},{"start":{"line":52,"column":54},"end":{"line":52,"column":70}}]},"8":{"loc":{"start":{"line":58,"column":28},"end":{"line":58,"column":null}},"type":"cond-expr","locations":[{"start":{"line":58,"column":43},"end":{"line":58,"column":null}},{"start":{"line":58,"column":43},"end":{"line":58,"column":null}}]},"9":{"loc":{"start":{"line":58,"column":28},"end":{"line":58,"column":43}},"type":"binary-expr","locations":[{"start":{"line":58,"column":28},"end":{"line":58,"column":null}},{"start":{"line":58,"column":28},"end":{"line":58,"column":43}}]},"10":{"loc":{"start":{"line":64,"column":25},"end":{"line":64,"column":null}},"type":"cond-expr","locations":[{"start":{"line":64,"column":37},"end":{"line":64,"column":null}},{"start":{"line":64,"column":37},"end":{"line":64,"column":null}}]},"11":{"loc":{"start":{"line":64,"column":25},"end":{"line":64,"column":37}},"type":"binary-expr","locations":[{"start":{"line":64,"column":25},"end":{"line":64,"column":null}},{"start":{"line":64,"column":25},"end":{"line":64,"column":37}}]},"12":{"loc":{"start":{"line":23,"column":47},"end":{"line":23,"column":64}},"type":"cond-expr","locations":[{"start":{"line":23,"column":61},"end":{"line":23,"column":64}},{"start":{"line":23,"column":61},"end":{"line":23,"column":64}}]},"13":{"loc":{"start":{"line":23,"column":47},"end":{"line":23,"column":61}},"type":"binary-expr","locations":[{"start":{"line":23,"column":47},"end":{"line":23,"column":64}},{"start":{"line":23,"column":47},"end":{"line":23,"column":61}}]}},"s":{"0":1,"1":1,"2":1,"3":1,"4":2,"5":0,"6":0,"7":0,"8":0,"9":0,"10":0,"11":0,"12":1,"13":1,"14":1,"15":1,"16":1,"17":1,"18":1,"19":1,"20":1},"f":{"0":2,"1":0,"2":0,"3":0,"4":0,"5":0,"6":0,"7":0},"b":{"0":[1,0],"1":[1,1],"2":[1,0],"3":[1,1],"4":[1,0],"5":[1,1],"6":[1,0],"7":[1,1],"8":[1,0],"9":[1,1],"10":[1,0],"11":[1,1],"12":[1,0],"13":[1,1]}}
,"C:\\Users\\juanj\\Documents\\ExampleHR\\api\\src\\timeoff\\timeoff.dto.ts": {"path":"C:\\Users\\juanj\\Documents\\ExampleHR\\api\\src\\timeoff\\timeoff.dto.ts","statementMap":{"0":{"start":{"line":1,"column":0},"end":{"line":1,"column":41}},"1":{"start":{"line":2,"column":0},"end":{"line":2,"column":null}},"2":{"start":{"line":12,"column":0},"end":{"line":12,"column":13}},"3":{"start":{"line":15,"column":2},"end":{"line":15,"column":null}},"4":{"start":{"line":19,"column":2},"end":{"line":19,"column":null}},"5":{"start":{"line":23,"column":2},"end":{"line":23,"column":null}},"6":{"start":{"line":26,"column":0},"end":{"line":26,"column":13}},"7":{"start":{"line":29,"column":2},"end":{"line":29,"column":null}},"8":{"start":{"line":32,"column":0},"end":{"line":32,"column":13}},"9":{"start":{"line":35,"column":2},"end":{"line":35,"column":null}},"10":{"start":{"line":39,"column":2},"end":{"line":39,"column":null}},"11":{"start":{"line":42,"column":0},"end":{"line":42,"column":13}},"12":{"start":{"line":45,"column":2},"end":{"line":45,"column":null}},"13":{"start":{"line":49,"column":2},"end":{"line":49,"column":null}},"14":{"start":{"line":52,"column":0},"end":{"line":52,"column":13}},"15":{"start":{"line":55,"column":2},"end":{"line":55,"column":null}},"16":{"start":{"line":59,"column":2},"end":{"line":59,"column":null}},"17":{"start":{"line":63,"column":2},"end":{"line":63,"column":null}},"18":{"start":{"line":67,"column":2},"end":{"line":67,"column":null}},"19":{"start":{"line":71,"column":2},"end":{"line":71,"column":null}},"20":{"start":{"line":75,"column":2},"end":{"line":75,"column":null}},"21":{"start":{"line":79,"column":2},"end":{"line":79,"column":null}},"22":{"start":{"line":82,"column":0},"end":{"line":82,"column":13}},"23":{"start":{"line":85,"column":2},"end":{"line":85,"column":null}},"24":{"start":{"line":89,"column":2},"end":{"line":89,"column":null}},"25":{"start":{"line":93,"column":2},"end":{"line":93,"column":null}},"26":{"start":{"line":97,"column":2},"end":{"line":97,"column":null}},"27":{"start":{"line":101,"column":2},"end":{"line":101,"column":null}},"28":{"start":{"line":105,"column":2},"end":{"line":105,"column":null}},"29":{"start":{"line":108,"column":0},"end":{"line":108,"column":13}},"30":{"start":{"line":111,"column":2},"end":{"line":111,"column":null}},"31":{"start":{"line":115,"column":2},"end":{"line":115,"column":null}},"32":{"start":{"line":120,"column":2},"end":{"line":120,"column":null}},"33":{"start":{"line":118,"column":14},"end":{"line":118,"column":28}}},"fnMap":{"0":{"name":"(anonymous_2)","decl":{"start":{"line":118,"column":8},"end":{"line":118,"column":11}},"loc":{"start":{"line":118,"column":14},"end":{"line":118,"column":28}}}},"branchMap":{},"s":{"0":1,"1":1,"2":1,"3":1,"4":1,"5":1,"6":1,"7":1,"8":1,"9":1,"10":1,"11":1,"12":1,"13":1,"14":1,"15":1,"16":1,"17":1,"18":1,"19":1,"20":1,"21":1,"22":1,"23":1,"24":1,"25":1,"26":1,"27":1,"28":1,"29":1,"30":1,"31":1,"32":1,"33":0},"f":{"0":0},"b":{}}
,"C:\\Users\\juanj\\Documents\\ExampleHR\\api\\src\\timeoff\\timeoff.service.ts": {"path":"C:\\Users\\juanj\\Documents\\ExampleHR\\api\\src\\timeoff\\timeoff.service.ts","statementMap":{"0":{"start":{"line":1,"column":0},"end":{"line":1,"column":null}},"1":{"start":{"line":6,"column":0},"end":{"line":6,"column":48}},"2":{"start":{"line":7,"column":0},"end":{"line":7,"column":54}},"3":{"start":{"line":15,"column":7},"end":{"line":371,"column":null}},"4":{"start":{"line":16,"column":31},"end":{"line":16,"column":48}},"5":{"start":{"line":19,"column":16},"end":{"line":25,"column":null}},"6":{"start":{"line":27,"column":4},"end":{"line":29,"column":5}},"7":{"start":{"line":28,"column":6},"end":{"line":28,"column":55}},"8":{"start":{"line":30,"column":4},"end":{"line":30,"column":15}},"9":{"start":{"line":37,"column":15},"end":{"line":37,"column":46}},"10":{"start":{"line":38,"column":16},"end":{"line":38,"column":40}},"11":{"start":{"line":39,"column":17},"end":{"line":39,"column":79}},"12":{"start":{"line":41,"column":4},"end":{"line":54,"column":5}},"13":{"start":{"line":42,"column":23},"end":{"line":46,"column":null}},"14":{"start":{"line":48,"column":6},"end":{"line":53,"column":7}},"15":{"start":{"line":49,"column":8},"end":{"line":51,"column":9}},"16":{"start":{"line":50,"column":10},"end":{"line":50,"column":62}},"17":{"start":{"line":52,"column":8},"end":{"line":52,"column":49}},"18":{"start":{"line":56,"column":4},"end":{"line":56,"column":49}},"19":{"start":{"line":57,"column":4},"end":{"line":126,"column":5}},"20":{"start":{"line":58,"column":22},"end":{"line":62,"column":null}},"21":{"start":{"line":64,"column":6},"end":{"line":66,"column":7}},"22":{"start":{"line":65,"column":8},"end":{"line":65,"column":57}},"23":{"start":{"line":67,"column":24},"end":{"line":67,"column":68}},"24":{"start":{"line":68,"column":6},"end":{"line":70,"column":7}},"25":{"start":{"line":69,"column":8},"end":{"line":69,"column":60}},"26":{"start":{"line":72,"column":24},"end":{"line":72,"column":36}},"27":{"start":{"line":73,"column":6},"end":{"line":87,"column":8}},"28":{"start":{"line":89,"column":6},"end":{"line":94,"column":8}},"29":{"start":{"line":96,"column":23},"end":{"line":103,"column":8}},"30":{"start":{"line":105,"column":6},"end":{"line":120,"column":7}},"31":{"start":{"line":106,"column":26},"end":{"line":106,"column":82}},"32":{"start":{"line":107,"column":8},"end":{"line":119,"column":10}},"33":{"start":{"line":121,"column":6},"end":{"line":121,"column":30}},"34":{"start":{"line":122,"column":6},"end":{"line":122,"column":22}},"35":{"start":{"line":124,"column":6},"end":{"line":124,"column":32}},"36":{"start":{"line":125,"column":6},"end":{"line":125,"column":18}},"37":{"start":{"line":130,"column":4},"end":{"line":130,"column":70}},"38":{"start":{"line":134,"column":4},"end":{"line":134,"column":70}},"39":{"start":{"line":138,"column":4},"end":{"line":138,"column":69}},"40":{"start":{"line":146,"column":15},"end":{"line":146,"column":46}},"41":{"start":{"line":147,"column":16},"end":{"line":147,"column":40}},"42":{"start":{"line":148,"column":4},"end":{"line":148,"column":49}},"43":{"start":{"line":149,"column":4},"end":{"line":221,"column":5}},"44":{"start":{"line":150,"column":22},"end":{"line":153,"column":null}},"45":{"start":{"line":155,"column":6},"end":{"line":157,"column":7}},"46":{"start":{"line":156,"column":8},"end":{"line":156,"column":57}},"47":{"start":{"line":158,"column":6},"end":{"line":160,"column":7}},"48":{"start":{"line":159,"column":8},"end":{"line":159,"column":64}},"49":{"start":{"line":162,"column":22},"end":{"line":164,"column":null}},"50":{"start":{"line":166,"column":6},"end":{"line":168,"column":7}},"51":{"start":{"line":167,"column":8},"end":{"line":167,"column":57}},"52":{"start":{"line":170,"column":6},"end":{"line":184,"column":7}},"53":{"start":{"line":171,"column":8},"end":{"line":176,"column":10}},"54":{"start":{"line":178,"column":8},"end":{"line":183,"column":10}},"55":{"start":{"line":186,"column":6},"end":{"line":191,"column":8}},"56":{"start":{"line":193,"column":6},"end":{"line":209,"column":7}},"57":{"start":{"line":194,"column":8},"end":{"line":208,"column":10}},"58":{"start":{"line":211,"column":6},"end":{"line":211,"column":30}},"59":{"start":{"line":212,"column":6},"end":{"line":217,"column":8}},"60":{"start":{"line":219,"column":6},"end":{"line":219,"column":32}},"61":{"start":{"line":220,"column":6},"end":{"line":220,"column":18}},"62":{"start":{"line":225,"column":15},"end":{"line":225,"column":46}},"63":{"start":{"line":226,"column":16},"end":{"line":226,"column":40}},"64":{"start":{"line":227,"column":24},"end":{"line":227,"column":86}},"65":{"start":{"line":229,"column":26},"end":{"line":231,"column":null}},"66":{"start":{"line":233,"column":4},"end":{"line":235,"column":5}},"67":{"start":{"line":234,"column":6},"end":{"line":234,"column":58}},"68":{"start":{"line":237,"column":4},"end":{"line":237,"column":49}},"69":{"start":{"line":238,"column":4},"end":{"line":294,"column":5}},"70":{"start":{"line":239,"column":6},"end":{"line":239,"column":75}},"71":{"start":{"line":240,"column":6},"end":{"line":245,"column":8}},"72":{"start":{"line":247,"column":30},"end":{"line":250,"column":null}},"73":{"start":{"line":253,"column":6},"end":{"line":255,"column":7}},"74":{"start":{"line":254,"column":8},"end":{"line":254,"column":53}},"75":{"start":{"line":257,"column":6},"end":{"line":288,"column":7}},"76":{"start":{"line":258,"column":8},"end":{"line":270,"column":10}},"77":{"start":{"line":272,"column":8},"end":{"line":287,"column":10}},"78":{"start":{"line":289,"column":6},"end":{"line":289,"column":30}},"79":{"start":{"line":290,"column":6},"end":{"line":290,"column":58}},"80":{"start":{"line":292,"column":6},"end":{"line":292,"column":32}},"81":{"start":{"line":293,"column":6},"end":{"line":293,"column":18}},"82":{"start":{"line":298,"column":16},"end":{"line":298,"column":40}},"83":{"start":{"line":299,"column":26},"end":{"line":301,"column":null}},"84":{"start":{"line":303,"column":4},"end":{"line":305,"column":5}},"85":{"start":{"line":304,"column":6},"end":{"line":304,"column":56}},"86":{"start":{"line":306,"column":26},"end":{"line":306,"column":27}},"87":{"start":{"line":307,"column":4},"end":{"line":313,"column":5}},"88":{"start":{"line":308,"column":6},"end":{"line":311,"column":9}},"89":{"start":{"line":312,"column":6},"end":{"line":312,"column":27}},"90":{"start":{"line":314,"column":24},"end":{"line":314,"column":86}},"91":{"start":{"line":315,"column":4},"end":{"line":320,"column":6}},"92":{"start":{"line":321,"column":4},"end":{"line":321,"column":73}},"93":{"start":{"line":328,"column":15},"end":{"line":328,"column":46}},"94":{"start":{"line":329,"column":16},"end":{"line":329,"column":40}},"95":{"start":{"line":330,"column":4},"end":{"line":334,"column":6}},"96":{"start":{"line":335,"column":4},"end":{"line":339,"column":6}},"97":{"start":{"line":348,"column":4},"end":{"line":350,"column":5}},"98":{"start":{"line":349,"column":6},"end":{"line":349,"column":19}},"99":{"start":{"line":352,"column":4},"end":{"line":358,"column":5}},"100":{"start":{"line":357,"column":6},"end":{"line":357,"column":18}},"101":{"start":{"line":360,"column":4},"end":{"line":367,"column":5}},"102":{"start":{"line":366,"column":6},"end":{"line":366,"column":18}},"103":{"start":{"line":369,"column":4},"end":{"line":369,"column":17}},"104":{"start":{"line":15,"column":13},"end":{"line":15,"column":27}},"105":{"start":{"line":15,"column":13},"end":{"line":371,"column":null}}},"fnMap":{"0":{"name":"(anonymous_2)","decl":{"start":{"line":16,"column":2},"end":{"line":16,"column":31}},"loc":{"start":{"line":16,"column":63},"end":{"line":16,"column":67}}},"1":{"name":"(anonymous_3)","decl":{"start":{"line":18,"column":2},"end":{"line":18,"column":7}},"loc":{"start":{"line":18,"column":57},"end":{"line":31,"column":3}}},"2":{"name":"(anonymous_4)","decl":{"start":{"line":33,"column":2},"end":{"line":33,"column":7}},"loc":{"start":{"line":35,"column":27},"end":{"line":127,"column":3}}},"3":{"name":"(anonymous_5)","decl":{"start":{"line":129,"column":2},"end":{"line":129,"column":7}},"loc":{"start":{"line":129,"column":52},"end":{"line":131,"column":3}}},"4":{"name":"(anonymous_6)","decl":{"start":{"line":133,"column":2},"end":{"line":133,"column":7}},"loc":{"start":{"line":133,"column":51},"end":{"line":135,"column":3}}},"5":{"name":"(anonymous_7)","decl":{"start":{"line":137,"column":2},"end":{"line":137,"column":7}},"loc":{"start":{"line":137,"column":49},"end":{"line":139,"column":3}}},"6":{"name":"(anonymous_8)","decl":{"start":{"line":141,"column":10},"end":{"line":141,"column":15}},"loc":{"start":{"line":144,"column":19},"end":{"line":222,"column":3}}},"7":{"name":"(anonymous_9)","decl":{"start":{"line":224,"column":2},"end":{"line":224,"column":7}},"loc":{"start":{"line":224,"column":41},"end":{"line":295,"column":3}}},"8":{"name":"(anonymous_10)","decl":{"start":{"line":297,"column":2},"end":{"line":297,"column":7}},"loc":{"start":{"line":297,"column":35},"end":{"line":322,"column":3}}},"9":{"name":"(anonymous_11)","decl":{"start":{"line":324,"column":10},"end":{"line":324,"column":15}},"loc":{"start":{"line":326,"column":22},"end":{"line":340,"column":3}}},"10":{"name":"(anonymous_12)","decl":{"start":{"line":342,"column":10},"end":{"line":342,"column":25}},"loc":{"start":{"line":346,"column":24},"end":{"line":370,"column":3}}}},"branchMap":{"0":{"loc":{"start":{"line":27,"column":4},"end":{"line":29,"column":5}},"type":"if","locations":[{"start":{"line":27,"column":4},"end":{"line":29,"column":5}},{"start":{},"end":{}}]},"1":{"loc":{"start":{"line":41,"column":4},"end":{"line":54,"column":5}},"type":"if","locations":[{"start":{"line":41,"column":4},"end":{"line":54,"column":5}},{"start":{},"end":{}}]},"2":{"loc":{"start":{"line":48,"column":6},"end":{"line":53,"column":7}},"type":"if","locations":[{"start":{"line":48,"column":6},"end":{"line":53,"column":7}},{"start":{},"end":{}}]},"3":{"loc":{"start":{"line":49,"column":8},"end":{"line":51,"column":9}},"type":"if","locations":[{"start":{"line":49,"column":8},"end":{"line":51,"column":9}},{"start":{},"end":{}}]},"4":{"loc":{"start":{"line":64,"column":6},"end":{"line":66,"column":7}},"type":"if","locations":[{"start":{"line":64,"column":6},"end":{"line":66,"column":7}},{"start":{},"end":{}}]},"5":{"loc":{"start":{"line":68,"column":6},"end":{"line":70,"column":7}},"type":"if","locations":[{"start":{"line":68,"column":6},"end":{"line":70,"column":7}},{"start":{},"end":{}}]},"6":{"loc":{"start":{"line":82,"column":10},"end":{"line":82,"column":32}},"type":"binary-expr","locations":[{"start":{"line":82,"column":10},"end":{"line":82,"column":24}},{"start":{"line":82,"column":28},"end":{"line":82,"column":32}}]},"7":{"loc":{"start":{"line":105,"column":6},"end":{"line":120,"column":7}},"type":"if","locations":[{"start":{"line":105,"column":6},"end":{"line":120,"column":7}},{"start":{},"end":{}}]},"8":{"loc":{"start":{"line":155,"column":6},"end":{"line":157,"column":7}},"type":"if","locations":[{"start":{"line":155,"column":6},"end":{"line":157,"column":7}},{"start":{},"end":{}}]},"9":{"loc":{"start":{"line":158,"column":6},"end":{"line":160,"column":7}},"type":"if","locations":[{"start":{"line":158,"column":6},"end":{"line":160,"column":7}},{"start":{},"end":{}}]},"10":{"loc":{"start":{"line":166,"column":6},"end":{"line":168,"column":7}},"type":"if","locations":[{"start":{"line":166,"column":6},"end":{"line":168,"column":7}},{"start":{},"end":{}}]},"11":{"loc":{"start":{"line":170,"column":6},"end":{"line":184,"column":7}},"type":"if","locations":[{"start":{"line":170,"column":6},"end":{"line":184,"column":7}},{"start":{"line":177,"column":13},"end":{"line":184,"column":7}}]},"12":{"loc":{"start":{"line":193,"column":6},"end":{"line":209,"column":7}},"type":"if","locations":[{"start":{"line":193,"column":6},"end":{"line":209,"column":7}},{"start":{},"end":{}}]},"13":{"loc":{"start":{"line":216,"column":20},"end":{"line":216,"column":77}},"type":"cond-expr","locations":[{"start":{"line":216,"column":47},"end":{"line":216,"column":65}},{"start":{"line":216,"column":68},"end":{"line":216,"column":77}}]},"14":{"loc":{"start":{"line":233,"column":4},"end":{"line":235,"column":5}},"type":"if","locations":[{"start":{"line":233,"column":4},"end":{"line":235,"column":5}},{"start":{},"end":{}}]},"15":{"loc":{"start":{"line":253,"column":6},"end":{"line":255,"column":7}},"type":"if","locations":[{"start":{"line":253,"column":6},"end":{"line":255,"column":7}},{"start":{},"end":{}}]},"16":{"loc":{"start":{"line":257,"column":6},"end":{"line":288,"column":7}},"type":"if","locations":[{"start":{"line":257,"column":6},"end":{"line":288,"column":7}},{"start":{"line":271,"column":13},"end":{"line":288,"column":7}}]},"17":{"loc":{"start":{"line":265,"column":12},"end":{"line":265,"column":56}},"type":"binary-expr","locations":[{"start":{"line":265,"column":12},"end":{"line":265,"column":26}},{"start":{"line":265,"column":30},"end":{"line":265,"column":56}}]},"18":{"loc":{"start":{"line":266,"column":12},"end":{"line":266,"column":60}},"type":"binary-expr","locations":[{"start":{"line":266,"column":12},"end":{"line":266,"column":28}},{"start":{"line":266,"column":32},"end":{"line":266,"column":60}}]},"19":{"loc":{"start":{"line":282,"column":12},"end":{"line":282,"column":34}},"type":"binary-expr","locations":[{"start":{"line":282,"column":12},"end":{"line":282,"column":26}},{"start":{"line":282,"column":30},"end":{"line":282,"column":34}}]},"20":{"loc":{"start":{"line":283,"column":12},"end":{"line":283,"column":36}},"type":"binary-expr","locations":[{"start":{"line":283,"column":12},"end":{"line":283,"column":28}},{"start":{"line":283,"column":32},"end":{"line":283,"column":36}}]},"21":{"loc":{"start":{"line":303,"column":4},"end":{"line":305,"column":5}},"type":"if","locations":[{"start":{"line":303,"column":4},"end":{"line":305,"column":5}},{"start":{},"end":{}}]},"22":{"loc":{"start":{"line":348,"column":4},"end":{"line":350,"column":5}},"type":"if","locations":[{"start":{"line":348,"column":4},"end":{"line":350,"column":5}},{"start":{},"end":{}}]},"23":{"loc":{"start":{"line":352,"column":4},"end":{"line":358,"column":5}},"type":"if","locations":[{"start":{"line":352,"column":4},"end":{"line":358,"column":5}},{"start":{},"end":{}}]},"24":{"loc":{"start":{"line":353,"column":6},"end":{"line":355,"column":49}},"type":"binary-expr","locations":[{"start":{"line":353,"column":6},"end":{"line":353,"column":34}},{"start":{"line":354,"column":6},"end":{"line":354,"column":41}},{"start":{"line":355,"column":6},"end":{"line":355,"column":49}}]},"25":{"loc":{"start":{"line":360,"column":4},"end":{"line":367,"column":5}},"type":"if","locations":[{"start":{"line":360,"column":4},"end":{"line":367,"column":5}},{"start":{},"end":{}}]},"26":{"loc":{"start":{"line":361,"column":6},"end":{"line":364,"column":53}},"type":"binary-expr","locations":[{"start":{"line":361,"column":6},"end":{"line":361,"column":34}},{"start":{"line":362,"column":6},"end":{"line":362,"column":22}},{"start":{"line":363,"column":6},"end":{"line":363,"column":34}},{"start":{"line":364,"column":6},"end":{"line":364,"column":53}}]},"27":{"loc":{"start":{"line":16,"column":48},"end":{"line":16,"column":66}},"type":"cond-expr","locations":[{"start":{"line":16,"column":63},"end":{"line":16,"column":66}},{"start":{"line":16,"column":63},"end":{"line":16,"column":66}}]},"28":{"loc":{"start":{"line":16,"column":48},"end":{"line":16,"column":63}},"type":"binary-expr","locations":[{"start":{"line":16,"column":48},"end":{"line":16,"column":66}},{"start":{"line":16,"column":48},"end":{"line":16,"column":63}}]}},"s":{"0":1,"1":1,"2":1,"3":1,"4":2,"5":0,"6":0,"7":0,"8":0,"9":2,"10":2,"11":2,"12":2,"13":2,"14":2,"15":1,"16":0,"17":1,"18":1,"19":1,"20":1,"21":1,"22":0,"23":1,"24":1,"25":0,"26":1,"27":1,"28":1,"29":1,"30":1,"31":1,"32":1,"33":1,"34":1,"35":0,"36":0,"37":0,"38":0,"39":0,"40":0,"41":0,"42":0,"43":0,"44":0,"45":0,"46":0,"47":0,"48":0,"49":0,"50":0,"51":0,"52":0,"53":0,"54":0,"55":0,"56":0,"57":0,"58":0,"59":0,"60":0,"61":0,"62":3,"63":3,"64":3,"65":3,"66":3,"67":0,"68":3,"69":3,"70":3,"71":3,"72":3,"73":3,"74":1,"75":2,"76":0,"77":2,"78":2,"79":2,"80":1,"81":1,"82":0,"83":0,"84":0,"85":0,"86":0,"87":0,"88":0,"89":0,"90":0,"91":0,"92":0,"93":3,"94":3,"95":3,"96":3,"97":3,"98":2,"99":1,"100":0,"101":1,"102":1,"103":0,"104":1,"105":1},"f":{"0":2,"1":0,"2":2,"3":0,"4":0,"5":0,"6":0,"7":3,"8":0,"9":3,"10":3},"b":{"0":[0,0],"1":[2,0],"2":[1,1],"3":[0,1],"4":[0,1],"5":[0,1],"6":[1,0],"7":[1,0],"8":[0,0],"9":[0,0],"10":[0,0],"11":[0,0],"12":[0,0],"13":[0,0],"14":[0,3],"15":[1,2],"16":[0,2],"17":[0,0],"18":[0,0],"19":[2,1],"20":[2,1],"21":[0,0],"22":[2,1],"23":[0,1],"24":[1,0,0],"25":[1,0],"26":[1,1,1,1],"27":[1,0],"28":[1,1]}}
}
