TN:
SF:src\app.module.ts
FNF:0
FNH:0
DA:1,1
DA:2,1
DA:3,1
DA:4,1
DA:11,1
LF:5
LH:5
BRF:0
BRH:0
end_of_record
TN:
SF:src\database.service.ts
FN:9,(anonymous_2)
FN:18,(anonymous_3)
FN:22,(anonymous_4)
FN:26,(anonymous_5)
FNF:4
FNH:4
FNDA:2,(anonymous_2)
FNDA:2,(anonymous_3)
FNDA:8,(anonymous_4)
FNDA:2,(anonymous_5)
DA:1,1
DA:2,1
DA:3,1
DA:6,1
DA:10,2
DA:14,2
DA:15,2
DA:19,2
DA:23,8
DA:27,2
LF:10
LH:10
BRDA:11,0,0,2
BRDA:11,0,1,0
BRF:2
BRH:1
end_of_record
TN:
SF:src\main.ts
FN:5,bootstrap
FNF:1
FNH:0
FNDA:0,bootstrap
DA:1,0
DA:2,0
DA:3,0
DA:6,0
DA:7,0
DA:14,0
DA:16,0
LF:7
LH:0
BRDA:14,0,0,0
BRDA:14,0,1,0
BRF:2
BRH:0
end_of_record
TN:
SF:src\timeoff\timeoff.controller.ts
FN:23,(anonymous_4)
FN:26,(anonymous_5)
FN:31,(anonymous_6)
FN:40,(anonymous_7)
FN:46,(anonymous_8)
FN:52,(anonymous_9)
FN:58,(anonymous_10)
FN:64,(anonymous_11)
FNF:8
FNH:1
FNDA:2,(anonymous_4)
FNDA:0,(anonymous_5)
FNDA:0,(anonymous_6)
FNDA:0,(anonymous_7)
FNDA:0,(anonymous_8)
FNDA:0,(anonymous_9)
FNDA:0,(anonymous_10)
FNDA:0,(anonymous_11)
DA:1,1
DA:11,1
DA:19,1
DA:22,1
DA:23,2
DA:26,1
DA:27,0
DA:31,1
DA:35,0
DA:40,1
DA:41,0
DA:46,1
DA:47,0
DA:52,1
DA:53,0
DA:58,1
DA:59,0
DA:64,1
DA:65,0
LF:19
LH:12
BRDA:32,0,0,1
BRDA:32,0,1,0
BRDA:32,1,0,1
BRDA:32,1,1,1
BRDA:40,2,0,1
BRDA:40,2,1,0
BRDA:40,3,0,1
BRDA:40,3,1,1
BRDA:46,4,0,1
BRDA:46,4,1,0
BRDA:46,5,0,1
BRDA:46,5,1,1
BRDA:52,6,0,1
BRDA:52,6,1,0
BRDA:52,7,0,1
BRDA:52,7,1,1
BRDA:58,8,0,1
BRDA:58,8,1,0
BRDA:58,9,0,1
BRDA:58,9,1,1
BRDA:64,10,0,1
BRDA:64,10,1,0
BRDA:64,11,0,1
BRDA:64,11,1,1
BRDA:23,12,0,1
BRDA:23,12,1,0
BRDA:23,13,0,1
BRDA:23,13,1,1
BRF:28
BRH:21
end_of_record
TN:
SF:src\timeoff\timeoff.dto.ts
FN:118,(anonymous_2)
FNF:1
FNH:0
FNDA:0,(anonymous_2)
DA:1,1
DA:2,1
DA:12,1
DA:15,1
DA:19,1
DA:23,1
DA:26,1
DA:29,1
DA:32,1
DA:35,1
DA:39,1
DA:42,1
DA:45,1
DA:49,1
DA:52,1
DA:55,1
DA:59,1
DA:63,1
DA:67,1
DA:71,1
DA:75,1
DA:79,1
DA:82,1
DA:85,1
DA:89,1
DA:93,1
DA:97,1
DA:101,1
DA:105,1
DA:108,1
DA:111,1
DA:115,1
DA:118,0
DA:120,1
LF:34
LH:33
BRF:0
BRH:0
end_of_record
TN:
SF:src\timeoff\timeoff.service.ts
FN:16,(anonymous_2)
FN:18,(anonymous_3)
FN:33,(anonymous_4)
FN:129,(anonymous_5)
FN:133,(anonymous_6)
FN:137,(anonymous_7)
FN:141,(anonymous_8)
FN:224,(anonymous_9)
FN:297,(anonymous_10)
FN:324,(anonymous_11)
FN:342,(anonymous_12)
FNF:11
FNH:5
FNDA:2,(anonymous_2)
FNDA:0,(anonymous_3)
FNDA:2,(anonymous_4)
FNDA:0,(anonymous_5)
FNDA:0,(anonymous_6)
FNDA:0,(anonymous_7)
FNDA:0,(anonymous_8)
FNDA:3,(anonymous_9)
FNDA:0,(anonymous_10)
FNDA:3,(anonymous_11)
FNDA:3,(anonymous_12)
DA:1,1
DA:6,1
DA:7,1
DA:15,1
DA:16,2
DA:19,0
DA:27,0
DA:28,0
DA:30,0
DA:37,2
DA:38,2
DA:39,2
DA:41,2
DA:42,2
DA:48,2
DA:49,1
DA:50,0
DA:52,1
DA:56,1
DA:57,1
DA:58,1
DA:64,1
DA:65,0
DA:67,1
DA:68,1
DA:69,0
DA:72,1
DA:73,1
DA:89,1
DA:96,1
DA:105,1
DA:106,1
DA:107,1
DA:121,1
DA:122,1
DA:124,0
DA:125,0
DA:130,0
DA:134,0
DA:138,0
DA:146,0
DA:147,0
DA:148,0
DA:149,0
DA:150,0
DA:155,0
DA:156,0
DA:158,0
DA:159,0
DA:162,0
DA:166,0
DA:167,0
DA:170,0
DA:171,0
DA:178,0
DA:186,0
DA:193,0
DA:194,0
DA:211,0
DA:212,0
DA:219,0
DA:220,0
DA:225,3
DA:226,3
DA:227,3
DA:229,3
DA:233,3
DA:234,0
DA:237,3
DA:238,3
DA:239,3
DA:240,3
DA:247,3
DA:253,3
DA:254,1
DA:257,2
DA:258,0
DA:272,2
DA:289,2
DA:290,2
DA:292,1
DA:293,1
DA:298,0
DA:299,0
DA:303,0
DA:304,0
DA:306,0
DA:307,0
DA:308,0
DA:312,0
DA:314,0
DA:315,0
DA:321,0
DA:328,3
DA:329,3
DA:330,3
DA:335,3
DA:348,3
DA:349,2
DA:352,1
DA:357,0
DA:360,1
DA:366,1
DA:369,0
LF:104
LH:55
BRDA:27,0,0,0
BRDA:27,0,1,0
BRDA:41,1,0,2
BRDA:41,1,1,0
BRDA:48,2,0,1
BRDA:48,2,1,1
BRDA:49,3,0,0
BRDA:49,3,1,1
BRDA:64,4,0,0
BRDA:64,4,1,1
BRDA:68,5,0,0
BRDA:68,5,1,1
BRDA:82,6,0,1
BRDA:82,6,1,0
BRDA:105,7,0,1
BRDA:105,7,1,0
BRDA:155,8,0,0
BRDA:155,8,1,0
BRDA:158,9,0,0
BRDA:158,9,1,0
BRDA:166,10,0,0
BRDA:166,10,1,0
BRDA:170,11,0,0
BRDA:170,11,1,0
BRDA:193,12,0,0
BRDA:193,12,1,0
BRDA:216,13,0,0
BRDA:216,13,1,0
BRDA:233,14,0,0
BRDA:233,14,1,3
BRDA:253,15,0,1
BRDA:253,15,1,2
BRDA:257,16,0,0
BRDA:257,16,1,2
BRDA:265,17,0,0
BRDA:265,17,1,0
BRDA:266,18,0,0
BRDA:266,18,1,0
BRDA:282,19,0,2
BRDA:282,19,1,1
BRDA:283,20,0,2
BRDA:283,20,1,1
BRDA:303,21,0,0
BRDA:303,21,1,0
BRDA:348,22,0,2
BRDA:348,22,1,1
BRDA:352,23,0,0
BRDA:352,23,1,1
BRDA:353,24,0,1
BRDA:353,24,1,0
BRDA:353,24,2,0
BRDA:360,25,0,1
BRDA:360,25,1,0
BRDA:361,26,0,1
BRDA:361,26,1,1
BRDA:361,26,2,1
BRDA:361,26,3,1
BRDA:16,27,0,1
BRDA:16,27,1,0
BRDA:16,28,0,1
BRDA:16,28,1,1
BRF:61
BRH:28
end_of_record
